<?xml version="1.0" encoding="UTF-8"?>
<!-- Generated by org.testng.reporters.JUnitReportReporter -->
<testsuite hostname="BSC-PG01M1L5" failures="0" tests="1" name="com.crm.qa.testcases.LoginPageTest" time="11.295" errors="0" timestamp="2020-05-12T14:25:19 IST" skipped="0">
  <testcase classname="com.crm.qa.testcases.LoginPageTest" name="loginTest" time="11.295"/>
  <system-out/>
</testsuite> <!-- com.crm.qa.testcases.LoginPageTest -->
